
*** Running vivado
    with args -log au_top_0.vds -m64 -product Vivado -mode batch -messageDb vivado.pb -notrace -source au_top_0.tcl



****** Vivado v2020.2 (64-bit)
  **** SW Build 3064766 on Wed Nov 18 09:12:45 MST 2020
  **** IP Build 3064653 on Wed Nov 18 14:17:31 MST 2020
    ** Copyright 1986-2020 Xilinx, Inc. All Rights Reserved.

source au_top_0.tcl -notrace
Command: synth_design -top au_top_0 -part xc7a35tftg256-1
Starting synth_design
Attempting to get a license for feature 'Synthesis' and/or device 'xc7a35t'
INFO: [Common 17-349] Got license for feature 'Synthesis' and/or device 'xc7a35t'
INFO: [Device 21-403] Loading part xc7a35tftg256-1
INFO: [Synth 8-7079] Multithreading enabled for synth_design using a maximum of 2 processes.
INFO: [Synth 8-7078] Launching helper process for spawning children vivado processes
INFO: [Synth 8-7075] Helper process launched with PID 19400
---------------------------------------------------------------------------------
Starting RTL Elaboration : Time (s): cpu = 00:00:04 ; elapsed = 00:00:04 . Memory (MB): peak = 1000.805 ; gain = 0.000
---------------------------------------------------------------------------------
INFO: [Synth 8-6157] synthesizing module 'au_top_0' [C:/Users/KM/Documents/Alchitry/stacker/StackerGame/alusubmission-main/manual/work/vivado/manual/manual.srcs/sources_1/imports/verilog/au_top_0.v:7]
INFO: [Synth 8-6157] synthesizing module 'reset_conditioner_1' [C:/Users/KM/Documents/Alchitry/stacker/StackerGame/alusubmission-main/manual/work/vivado/manual/manual.srcs/sources_1/imports/verilog/reset_conditioner_1.v:11]
	Parameter STAGES bound to: 3'b100 
INFO: [Synth 8-6155] done synthesizing module 'reset_conditioner_1' (1#1) [C:/Users/KM/Documents/Alchitry/stacker/StackerGame/alusubmission-main/manual/work/vivado/manual/manual.srcs/sources_1/imports/verilog/reset_conditioner_1.v:11]
INFO: [Synth 8-6157] synthesizing module 'multi_seven_seg_2' [C:/Users/KM/Documents/Alchitry/stacker/StackerGame/alusubmission-main/manual/work/vivado/manual/manual.srcs/sources_1/imports/verilog/multi_seven_seg_2.v:12]
	Parameter DIGITS bound to: 3'b100 
	Parameter DIV bound to: 5'b10000 
	Parameter DIGIT_BITS bound to: 2'b10 
INFO: [Synth 8-6157] synthesizing module 'counter_6' [C:/Users/KM/Documents/Alchitry/stacker/StackerGame/alusubmission-main/manual/work/vivado/manual/manual.srcs/sources_1/imports/verilog/counter_6.v:14]
	Parameter SIZE bound to: 2'b10 
	Parameter DIV bound to: 5'b10000 
	Parameter TOP bound to: 4'b0011 
	Parameter UP bound to: 1'b1 
	Parameter MAX_VALUE bound to: 20'b00111111111111111111 
INFO: [Synth 8-6155] done synthesizing module 'counter_6' (2#1) [C:/Users/KM/Documents/Alchitry/stacker/StackerGame/alusubmission-main/manual/work/vivado/manual/manual.srcs/sources_1/imports/verilog/counter_6.v:14]
INFO: [Synth 8-6157] synthesizing module 'seven_seg_7' [C:/Users/KM/Documents/Alchitry/stacker/StackerGame/alusubmission-main/manual/work/vivado/manual/manual.srcs/sources_1/imports/verilog/seven_seg_7.v:7]
INFO: [Synth 8-226] default block is never used [C:/Users/KM/Documents/Alchitry/stacker/StackerGame/alusubmission-main/manual/work/vivado/manual/manual.srcs/sources_1/imports/verilog/seven_seg_7.v:16]
INFO: [Synth 8-6155] done synthesizing module 'seven_seg_7' (3#1) [C:/Users/KM/Documents/Alchitry/stacker/StackerGame/alusubmission-main/manual/work/vivado/manual/manual.srcs/sources_1/imports/verilog/seven_seg_7.v:7]
INFO: [Synth 8-6157] synthesizing module 'decoder_8' [C:/Users/KM/Documents/Alchitry/stacker/StackerGame/alusubmission-main/manual/work/vivado/manual/manual.srcs/sources_1/imports/verilog/decoder_8.v:11]
	Parameter WIDTH bound to: 2'b10 
INFO: [Synth 8-6155] done synthesizing module 'decoder_8' (4#1) [C:/Users/KM/Documents/Alchitry/stacker/StackerGame/alusubmission-main/manual/work/vivado/manual/manual.srcs/sources_1/imports/verilog/decoder_8.v:11]
INFO: [Synth 8-6155] done synthesizing module 'multi_seven_seg_2' (5#1) [C:/Users/KM/Documents/Alchitry/stacker/StackerGame/alusubmission-main/manual/work/vivado/manual/manual.srcs/sources_1/imports/verilog/multi_seven_seg_2.v:12]
INFO: [Synth 8-6157] synthesizing module 'game_beta_3' [C:/Users/KM/Documents/Alchitry/stacker/StackerGame/alusubmission-main/manual/work/vivado/manual/manual.srcs/sources_1/imports/verilog/game_beta_3.v:7]
INFO: [Synth 8-6157] synthesizing module 'alu_9' [C:/Users/KM/Documents/Alchitry/stacker/StackerGame/alusubmission-main/manual/work/vivado/manual/manual.srcs/sources_1/imports/verilog/alu_9.v:7]
INFO: [Synth 8-6157] synthesizing module 'adder_14' [C:/Users/KM/Documents/Alchitry/stacker/StackerGame/alusubmission-main/manual/work/vivado/manual/manual.srcs/sources_1/imports/verilog/adder_14.v:7]
INFO: [Synth 8-226] default block is never used [C:/Users/KM/Documents/Alchitry/stacker/StackerGame/alusubmission-main/manual/work/vivado/manual/manual.srcs/sources_1/imports/verilog/adder_14.v:24]
INFO: [Synth 8-6155] done synthesizing module 'adder_14' (6#1) [C:/Users/KM/Documents/Alchitry/stacker/StackerGame/alusubmission-main/manual/work/vivado/manual/manual.srcs/sources_1/imports/verilog/adder_14.v:7]
INFO: [Synth 8-6157] synthesizing module 'boolean_15' [C:/Users/KM/Documents/Alchitry/stacker/StackerGame/alusubmission-main/manual/work/vivado/manual/manual.srcs/sources_1/imports/verilog/boolean_15.v:7]
INFO: [Synth 8-6155] done synthesizing module 'boolean_15' (7#1) [C:/Users/KM/Documents/Alchitry/stacker/StackerGame/alusubmission-main/manual/work/vivado/manual/manual.srcs/sources_1/imports/verilog/boolean_15.v:7]
INFO: [Synth 8-6157] synthesizing module 'shifter_16' [C:/Users/KM/Documents/Alchitry/stacker/StackerGame/alusubmission-main/manual/work/vivado/manual/manual.srcs/sources_1/imports/verilog/shifter_16.v:7]
INFO: [Synth 8-6155] done synthesizing module 'shifter_16' (8#1) [C:/Users/KM/Documents/Alchitry/stacker/StackerGame/alusubmission-main/manual/work/vivado/manual/manual.srcs/sources_1/imports/verilog/shifter_16.v:7]
INFO: [Synth 8-6157] synthesizing module 'compare_17' [C:/Users/KM/Documents/Alchitry/stacker/StackerGame/alusubmission-main/manual/work/vivado/manual/manual.srcs/sources_1/imports/verilog/compare_17.v:7]
INFO: [Synth 8-6155] done synthesizing module 'compare_17' (9#1) [C:/Users/KM/Documents/Alchitry/stacker/StackerGame/alusubmission-main/manual/work/vivado/manual/manual.srcs/sources_1/imports/verilog/compare_17.v:7]
INFO: [Synth 8-6157] synthesizing module 'sixteen_bit_multiplier_18' [C:/Users/KM/Documents/Alchitry/stacker/StackerGame/alusubmission-main/manual/work/vivado/manual/manual.srcs/sources_1/imports/verilog/sixteen_bit_multiplier_18.v:7]
INFO: [Synth 8-6155] done synthesizing module 'sixteen_bit_multiplier_18' (10#1) [C:/Users/KM/Documents/Alchitry/stacker/StackerGame/alusubmission-main/manual/work/vivado/manual/manual.srcs/sources_1/imports/verilog/sixteen_bit_multiplier_18.v:7]
INFO: [Synth 8-6155] done synthesizing module 'alu_9' (11#1) [C:/Users/KM/Documents/Alchitry/stacker/StackerGame/alusubmission-main/manual/work/vivado/manual/manual.srcs/sources_1/imports/verilog/alu_9.v:7]
INFO: [Synth 8-6157] synthesizing module 'edge_detector_4' [C:/Users/KM/Documents/Alchitry/stacker/StackerGame/alusubmission-main/manual/work/vivado/manual/manual.srcs/sources_1/imports/verilog/edge_detector_4.v:12]
	Parameter RISE bound to: 1'b1 
	Parameter FALL bound to: 1'b0 
INFO: [Synth 8-6155] done synthesizing module 'edge_detector_4' (12#1) [C:/Users/KM/Documents/Alchitry/stacker/StackerGame/alusubmission-main/manual/work/vivado/manual/manual.srcs/sources_1/imports/verilog/edge_detector_4.v:12]
INFO: [Synth 8-6157] synthesizing module 'game_CU_10' [C:/Users/KM/Documents/Alchitry/stacker/StackerGame/alusubmission-main/manual/work/vivado/manual/manual.srcs/sources_1/imports/verilog/game_CU_10.v:7]
	Parameter IDLE_game_fsm bound to: 6'b000000 
	Parameter SETSTART_game_fsm bound to: 6'b000001 
	Parameter RESET2_game_fsm bound to: 6'b000010 
	Parameter RESET3_game_fsm bound to: 6'b000011 
	Parameter RESET4_game_fsm bound to: 6'b000100 
	Parameter RESET5_game_fsm bound to: 6'b000101 
	Parameter RESET6_game_fsm bound to: 6'b000110 
	Parameter RESET7_game_fsm bound to: 6'b000111 
	Parameter RESET8_game_fsm bound to: 6'b001000 
	Parameter CHECK2_game_fsm bound to: 6'b001001 
	Parameter CHECK3_game_fsm bound to: 6'b001010 
	Parameter CHECK4_game_fsm bound to: 6'b001011 
	Parameter CHECK5_game_fsm bound to: 6'b001100 
	Parameter CHECK6_game_fsm bound to: 6'b001101 
	Parameter CHECK7_game_fsm bound to: 6'b001110 
	Parameter CHECK8_game_fsm bound to: 6'b001111 
	Parameter LINE1_game_fsm bound to: 6'b010000 
	Parameter LINE2_game_fsm bound to: 6'b010001 
	Parameter LINE3_game_fsm bound to: 6'b010010 
	Parameter LINE4_game_fsm bound to: 6'b010011 
	Parameter LINE5_game_fsm bound to: 6'b010100 
	Parameter LINE6_game_fsm bound to: 6'b010101 
	Parameter LINE7_game_fsm bound to: 6'b010110 
	Parameter LINE8_game_fsm bound to: 6'b010111 
	Parameter SHIFTL1_game_fsm bound to: 6'b011000 
	Parameter SHIFTL2_game_fsm bound to: 6'b011001 
	Parameter SHIFTL3_game_fsm bound to: 6'b011010 
	Parameter SHIFTL4_game_fsm bound to: 6'b011011 
	Parameter SHIFTL5_game_fsm bound to: 6'b011100 
	Parameter SHIFTL6_game_fsm bound to: 6'b011101 
	Parameter SHIFTL7_game_fsm bound to: 6'b011110 
	Parameter SHIFTL8_game_fsm bound to: 6'b011111 
	Parameter SHIFTR1_game_fsm bound to: 6'b100000 
	Parameter SHIFTR2_game_fsm bound to: 6'b100001 
	Parameter SHIFTR3_game_fsm bound to: 6'b100010 
	Parameter SHIFTR4_game_fsm bound to: 6'b100011 
	Parameter SHIFTR5_game_fsm bound to: 6'b100100 
	Parameter SHIFTR6_game_fsm bound to: 6'b100101 
	Parameter SHIFTR7_game_fsm bound to: 6'b100110 
	Parameter SHIFTR8_game_fsm bound to: 6'b100111 
	Parameter LOSE_game_fsm bound to: 6'b101000 
	Parameter LEVELUP_game_fsm bound to: 6'b101001 
	Parameter RESETLINE_game_fsm bound to: 6'b101010 
	Parameter INCREASELINE_game_fsm bound to: 6'b101011 
	Parameter INCREASESCORE_game_fsm bound to: 6'b101100 
	Parameter DETERMINENEXT_game_fsm bound to: 6'b101101 
	Parameter CHECKLOSE_game_fsm bound to: 6'b101110 
	Parameter MINUS8_game_fsm bound to: 6'b101111 
INFO: [Synth 8-155] case statement is not full and has no default [C:/Users/KM/Documents/Alchitry/stacker/StackerGame/alusubmission-main/manual/work/vivado/manual/manual.srcs/sources_1/imports/verilog/game_CU_10.v:100]
INFO: [Synth 8-6155] done synthesizing module 'game_CU_10' (13#1) [C:/Users/KM/Documents/Alchitry/stacker/StackerGame/alusubmission-main/manual/work/vivado/manual/manual.srcs/sources_1/imports/verilog/game_CU_10.v:7]
INFO: [Synth 8-6157] synthesizing module 'game_miniRegfiles_11' [C:/Users/KM/Documents/Alchitry/stacker/StackerGame/alusubmission-main/manual/work/vivado/manual/manual.srcs/sources_1/imports/verilog/game_miniRegfiles_11.v:7]
INFO: [Synth 8-155] case statement is not full and has no default [C:/Users/KM/Documents/Alchitry/stacker/StackerGame/alusubmission-main/manual/work/vivado/manual/manual.srcs/sources_1/imports/verilog/game_miniRegfiles_11.v:51]
INFO: [Synth 8-6155] done synthesizing module 'game_miniRegfiles_11' (14#1) [C:/Users/KM/Documents/Alchitry/stacker/StackerGame/alusubmission-main/manual/work/vivado/manual/manual.srcs/sources_1/imports/verilog/game_miniRegfiles_11.v:7]
INFO: [Synth 8-6157] synthesizing module 'counter_12' [C:/Users/KM/Documents/Alchitry/stacker/StackerGame/alusubmission-main/manual/work/vivado/manual/manual.srcs/sources_1/imports/verilog/counter_12.v:14]
	Parameter SIZE bound to: 1'b1 
	Parameter DIV bound to: 5'b11010 
	Parameter TOP bound to: 1'b0 
	Parameter UP bound to: 1'b1 
	Parameter MAX_VALUE bound to: 27'b011111111111111111111111111 
INFO: [Synth 8-6155] done synthesizing module 'counter_12' (15#1) [C:/Users/KM/Documents/Alchitry/stacker/StackerGame/alusubmission-main/manual/work/vivado/manual/manual.srcs/sources_1/imports/verilog/counter_12.v:14]
INFO: [Synth 8-6155] done synthesizing module 'game_beta_3' (16#1) [C:/Users/KM/Documents/Alchitry/stacker/StackerGame/alusubmission-main/manual/work/vivado/manual/manual.srcs/sources_1/imports/verilog/game_beta_3.v:7]
INFO: [Synth 8-6157] synthesizing module 'button_conditioner_5' [C:/Users/KM/Documents/Alchitry/stacker/StackerGame/alusubmission-main/manual/work/vivado/manual/manual.srcs/sources_1/imports/verilog/button_conditioner_5.v:13]
	Parameter CLK_FREQ bound to: 26'b10111110101111000010000000 
	Parameter MIN_DELAY bound to: 5'b10100 
	Parameter NUM_SYNC bound to: 2'b10 
INFO: [Synth 8-6157] synthesizing module 'pipeline_13' [C:/Users/KM/Documents/Alchitry/stacker/StackerGame/alusubmission-main/manual/work/vivado/manual/manual.srcs/sources_1/imports/verilog/pipeline_13.v:11]
	Parameter DEPTH bound to: 2'b10 
INFO: [Synth 8-6155] done synthesizing module 'pipeline_13' (17#1) [C:/Users/KM/Documents/Alchitry/stacker/StackerGame/alusubmission-main/manual/work/vivado/manual/manual.srcs/sources_1/imports/verilog/pipeline_13.v:11]
INFO: [Synth 8-6155] done synthesizing module 'button_conditioner_5' (18#1) [C:/Users/KM/Documents/Alchitry/stacker/StackerGame/alusubmission-main/manual/work/vivado/manual/manual.srcs/sources_1/imports/verilog/button_conditioner_5.v:13]
INFO: [Synth 8-6155] done synthesizing module 'au_top_0' (19#1) [C:/Users/KM/Documents/Alchitry/stacker/StackerGame/alusubmission-main/manual/work/vivado/manual/manual.srcs/sources_1/imports/verilog/au_top_0.v:7]
---------------------------------------------------------------------------------
Finished RTL Elaboration : Time (s): cpu = 00:00:05 ; elapsed = 00:00:06 . Memory (MB): peak = 1000.805 ; gain = 0.000
---------------------------------------------------------------------------------
---------------------------------------------------------------------------------
Start Handling Custom Attributes
---------------------------------------------------------------------------------
---------------------------------------------------------------------------------
Finished Handling Custom Attributes : Time (s): cpu = 00:00:06 ; elapsed = 00:00:06 . Memory (MB): peak = 1000.805 ; gain = 0.000
---------------------------------------------------------------------------------
---------------------------------------------------------------------------------
Finished RTL Optimization Phase 1 : Time (s): cpu = 00:00:06 ; elapsed = 00:00:06 . Memory (MB): peak = 1000.805 ; gain = 0.000
---------------------------------------------------------------------------------
Netlist sorting complete. Time (s): cpu = 00:00:00 ; elapsed = 00:00:00.023 . Memory (MB): peak = 1000.805 ; gain = 0.000
INFO: [Project 1-570] Preparing netlist for logic optimization

Processing XDC Constraints
Initializing timing engine
Parsing XDC File [C:/Users/KM/Documents/Alchitry/stacker/StackerGame/alusubmission-main/manual/work/constraint/alchitry.xdc]
Finished Parsing XDC File [C:/Users/KM/Documents/Alchitry/stacker/StackerGame/alusubmission-main/manual/work/constraint/alchitry.xdc]
INFO: [Project 1-236] Implementation specific constraints were found while reading constraint file [C:/Users/KM/Documents/Alchitry/stacker/StackerGame/alusubmission-main/manual/work/constraint/alchitry.xdc]. These constraints will be ignored for synthesis but will be used in implementation. Impacted constraints are listed in the file [.Xil/au_top_0_propImpl.xdc].
Resolution: To avoid this warning, move constraints listed in [.Xil/au_top_0_propImpl.xdc] to another XDC file and exclude this new file from synthesis with the used_in_synthesis property (File Properties dialog in GUI) and re-run elaboration/synthesis.
Parsing XDC File [C:/Users/KM/Documents/Alchitry/stacker/StackerGame/alusubmission-main/manual/work/constraint/io.xdc]
Finished Parsing XDC File [C:/Users/KM/Documents/Alchitry/stacker/StackerGame/alusubmission-main/manual/work/constraint/io.xdc]
INFO: [Project 1-236] Implementation specific constraints were found while reading constraint file [C:/Users/KM/Documents/Alchitry/stacker/StackerGame/alusubmission-main/manual/work/constraint/io.xdc]. These constraints will be ignored for synthesis but will be used in implementation. Impacted constraints are listed in the file [.Xil/au_top_0_propImpl.xdc].
Resolution: To avoid this warning, move constraints listed in [.Xil/au_top_0_propImpl.xdc] to another XDC file and exclude this new file from synthesis with the used_in_synthesis property (File Properties dialog in GUI) and re-run elaboration/synthesis.
Parsing XDC File [C:/Users/KM/Documents/Alchitry/stacker/StackerGame/alusubmission-main/manual/constraint/au.xdc]
Finished Parsing XDC File [C:/Users/KM/Documents/Alchitry/stacker/StackerGame/alusubmission-main/manual/constraint/au.xdc]
INFO: [Project 1-236] Implementation specific constraints were found while reading constraint file [C:/Users/KM/Documents/Alchitry/stacker/StackerGame/alusubmission-main/manual/constraint/au.xdc]. These constraints will be ignored for synthesis but will be used in implementation. Impacted constraints are listed in the file [.Xil/au_top_0_propImpl.xdc].
Resolution: To avoid this warning, move constraints listed in [.Xil/au_top_0_propImpl.xdc] to another XDC file and exclude this new file from synthesis with the used_in_synthesis property (File Properties dialog in GUI) and re-run elaboration/synthesis.
Completed Processing XDC Constraints

Netlist sorting complete. Time (s): cpu = 00:00:00 ; elapsed = 00:00:00.001 . Memory (MB): peak = 1000.805 ; gain = 0.000
INFO: [Project 1-111] Unisim Transformation Summary:
No Unisim elements were transformed.

Constraint Validation Runtime : Time (s): cpu = 00:00:00 ; elapsed = 00:00:00.005 . Memory (MB): peak = 1000.805 ; gain = 0.000
---------------------------------------------------------------------------------
Finished Constraint Validation : Time (s): cpu = 00:00:12 ; elapsed = 00:00:12 . Memory (MB): peak = 1000.805 ; gain = 0.000
---------------------------------------------------------------------------------
---------------------------------------------------------------------------------
Start Loading Part and Timing Information
---------------------------------------------------------------------------------
Loading part: xc7a35tftg256-1
---------------------------------------------------------------------------------
Finished Loading Part and Timing Information : Time (s): cpu = 00:00:12 ; elapsed = 00:00:12 . Memory (MB): peak = 1000.805 ; gain = 0.000
---------------------------------------------------------------------------------
---------------------------------------------------------------------------------
Start Applying 'set_property' XDC Constraints
---------------------------------------------------------------------------------
---------------------------------------------------------------------------------
Finished applying 'set_property' XDC Constraints : Time (s): cpu = 00:00:12 ; elapsed = 00:00:12 . Memory (MB): peak = 1000.805 ; gain = 0.000
---------------------------------------------------------------------------------
INFO: [Synth 8-802] inferred FSM for state register 'M_game_fsm_q_reg' in module 'game_CU_10'
---------------------------------------------------------------------------------------------------
                   State |                     New Encoding |                Previous Encoding 
---------------------------------------------------------------------------------------------------
           IDLE_game_fsm | 0000000000000000000000000000000000000000000001 |                           000000
       SETSTART_game_fsm | 0000000000000000000000000000000000000000000010 |                           000001
         RESET2_game_fsm | 0000000000000000000000000000000000000000000100 |                           000010
         RESET3_game_fsm | 0000000000000000000000000000000000000000001000 |                           000011
         RESET4_game_fsm | 0000000000000000000000000000000000000000010000 |                           000100
         RESET5_game_fsm | 0000000000000000000000000000000000000000100000 |                           000101
         RESET6_game_fsm | 0000000000000000000000000000000000000001000000 |                           000110
         RESET7_game_fsm | 0000000000000000000000000000000000000010000000 |                           000111
         RESET8_game_fsm | 0000000000000000000000000000000000000100000000 |                           001000
   INCREASELINE_game_fsm | 0000000000000000000000000000000000001000000000 |                           101011
  DETERMINENEXT_game_fsm | 0000000000000000000000000000000000010000000000 |                           101101
          LINE1_game_fsm | 0000000000000000000000000000000000100000000000 |                           010000
          LINE2_game_fsm | 0000000000000000000000000000000001000000000000 |                           010001
        SHIFTL2_game_fsm | 0000000000000000000000000000000010000000000000 |                           011001
        SHIFTR2_game_fsm | 0000000000000000000000000000000100000000000000 |                           100001
         CHECK2_game_fsm | 0000000000000000000000000000001000000000000000 |                           001001
          LINE3_game_fsm | 0000000000000000000000000000010000000000000000 |                           010010
        SHIFTL3_game_fsm | 0000000000000000000000000000100000000000000000 |                           011010
        SHIFTR3_game_fsm | 0000000000000000000000000001000000000000000000 |                           100010
         CHECK3_game_fsm | 0000000000000000000000000010000000000000000000 |                           001010
          LINE4_game_fsm | 0000000000000000000000000100000000000000000000 |                           010011
        SHIFTL4_game_fsm | 0000000000000000000000001000000000000000000000 |                           011011
         CHECK4_game_fsm | 0000000000000000000000010000000000000000000000 |                           001011
        SHIFTR1_game_fsm | 0000000000000000000000100000000000000000000000 |                           100000
        SHIFTL1_game_fsm | 0000000000000000000001000000000000000000000000 |                           011000
          LINE5_game_fsm | 0000000000000000000010000000000000000000000000 |                           010100
        SHIFTL5_game_fsm | 0000000000000000000100000000000000000000000000 |                           011100
        SHIFTR5_game_fsm | 0000000000000000001000000000000000000000000000 |                           100100
         CHECK5_game_fsm | 0000000000000000010000000000000000000000000000 |                           001100
          LINE6_game_fsm | 0000000000000000100000000000000000000000000000 |                           010101
        SHIFTL6_game_fsm | 0000000000000001000000000000000000000000000000 |                           011101
        SHIFTR6_game_fsm | 0000000000000010000000000000000000000000000000 |                           100101
         CHECK6_game_fsm | 0000000000000100000000000000000000000000000000 |                           001101
          LINE7_game_fsm | 0000000000001000000000000000000000000000000000 |                           010110
        SHIFTL7_game_fsm | 0000000000010000000000000000000000000000000000 |                           011110
        SHIFTR7_game_fsm | 0000000000100000000000000000000000000000000000 |                           100110
         CHECK7_game_fsm | 0000000001000000000000000000000000000000000000 |                           001110
          LINE8_game_fsm | 0000000010000000000000000000000000000000000000 |                           010111
        SHIFTL8_game_fsm | 0000000100000000000000000000000000000000000000 |                           011111
        SHIFTR8_game_fsm | 0000001000000000000000000000000000000000000000 |                           100111
         CHECK8_game_fsm | 0000010000000000000000000000000000000000000000 |                           001111
      CHECKLOSE_game_fsm | 0000100000000000000000000000000000000000000000 |                           101110
           LOSE_game_fsm | 0001000000000000000000000000000000000000000000 |                           101000
        LEVELUP_game_fsm | 0010000000000000000000000000000000000000000000 |                           101001
  INCREASESCORE_game_fsm | 0100000000000000000000000000000000000000000000 |                           101100
      RESETLINE_game_fsm | 1000000000000000000000000000000000000000000000 |                           101010
---------------------------------------------------------------------------------------------------
INFO: [Synth 8-3354] encoded FSM with state register 'M_game_fsm_q_reg' using encoding 'one-hot' in module 'game_CU_10'
---------------------------------------------------------------------------------
Finished RTL Optimization Phase 2 : Time (s): cpu = 00:00:13 ; elapsed = 00:00:13 . Memory (MB): peak = 1000.805 ; gain = 0.000
---------------------------------------------------------------------------------
---------------------------------------------------------------------------------
Start RTL Component Statistics 
---------------------------------------------------------------------------------
Detailed RTL Component Info : 
+---Adders : 
	   2 Input   18 Bit       Adders := 1     
	   3 Input   16 Bit       Adders := 1     
+---XORs : 
	   2 Input     16 Bit         XORs := 1     
	   2 Input      1 Bit         XORs := 2     
+---Registers : 
	               18 Bit    Registers := 1     
	               16 Bit    Registers := 15    
	                4 Bit    Registers := 1     
	                2 Bit    Registers := 1     
	                1 Bit    Registers := 2     
+---Muxes : 
	  46 Input   46 Bit        Muxes := 1     
	   2 Input   46 Bit        Muxes := 42    
	   8 Input   46 Bit        Muxes := 1     
	   2 Input   18 Bit        Muxes := 1     
	   2 Input   16 Bit        Muxes := 9     
	   4 Input   16 Bit        Muxes := 4     
	  46 Input   16 Bit        Muxes := 1     
	   2 Input    6 Bit        Muxes := 3     
	   3 Input    6 Bit        Muxes := 11    
	  46 Input    6 Bit        Muxes := 2     
	   3 Input    5 Bit        Muxes := 4     
	   4 Input    4 Bit        Muxes := 1     
	   2 Input    4 Bit        Muxes := 5     
	  46 Input    4 Bit        Muxes := 3     
	   2 Input    3 Bit        Muxes := 8     
	   2 Input    2 Bit        Muxes := 5     
	  46 Input    2 Bit        Muxes := 1     
	   2 Input    1 Bit        Muxes := 1     
	   9 Input    1 Bit        Muxes := 1     
	  46 Input    1 Bit        Muxes := 4     
	  12 Input    1 Bit        Muxes := 11    
---------------------------------------------------------------------------------
Finished RTL Component Statistics 
---------------------------------------------------------------------------------
---------------------------------------------------------------------------------
Start Part Resource Summary
---------------------------------------------------------------------------------
Part Resources:
DSPs: 90 (col length:60)
BRAMs: 100 (col length: RAMB18 60 RAMB36 30)
---------------------------------------------------------------------------------
Finished Part Resource Summary
---------------------------------------------------------------------------------
---------------------------------------------------------------------------------
Start Cross Boundary and Area Optimization
---------------------------------------------------------------------------------
DSP Report: Generating DSP multUnit/p0, operation Mode is: A*B.
DSP Report: operator multUnit/p0 is absorbed into DSP multUnit/p0.
---------------------------------------------------------------------------------
Finished Cross Boundary and Area Optimization : Time (s): cpu = 00:02:33 ; elapsed = 00:02:34 . Memory (MB): peak = 1059.125 ; gain = 58.320
---------------------------------------------------------------------------------
---------------------------------------------------------------------------------
Start ROM, RAM, DSP, Shift Register and Retiming Reporting
---------------------------------------------------------------------------------

DSP: Preliminary Mapping	Report (see note below)
+--------------------------+-------------+--------+--------+--------+--------+--------+------+------+------+------+-------+------+------+
|Module Name               | DSP Mapping | A Size | B Size | C Size | D Size | P Size | AREG | BREG | CREG | DREG | ADREG | MREG | PREG | 
+--------------------------+-------------+--------+--------+--------+--------+--------+------+------+------+------+-------+------+------+
|sixteen_bit_multiplier_18 | A*B         | 16     | 16     | -      | -      | 32     | 0    | 0    | -    | -    | -     | 0    | 0    | 
+--------------------------+-------------+--------+--------+--------+--------+--------+------+------+------+------+-------+------+------+

Note: The table above is a preliminary report that shows the DSPs inferred at the current stage of the synthesis flow. Some DSP may be reimplemented as non DSP primitives later in the synthesis flow. Multiple instantiated DSPs are reported only once.
---------------------------------------------------------------------------------
Finished ROM, RAM, DSP, Shift Register and Retiming Reporting
---------------------------------------------------------------------------------
---------------------------------------------------------------------------------
Start Applying XDC Timing Constraints
---------------------------------------------------------------------------------
---------------------------------------------------------------------------------
Finished Applying XDC Timing Constraints : Time (s): cpu = 00:02:38 ; elapsed = 00:02:39 . Memory (MB): peak = 1059.125 ; gain = 58.320
---------------------------------------------------------------------------------
---------------------------------------------------------------------------------
Start Timing Optimization
---------------------------------------------------------------------------------
---------------------------------------------------------------------------------
Finished Timing Optimization : Time (s): cpu = 00:05:24 ; elapsed = 00:05:25 . Memory (MB): peak = 1549.367 ; gain = 548.562
---------------------------------------------------------------------------------
---------------------------------------------------------------------------------
Start Technology Mapping
---------------------------------------------------------------------------------
---------------------------------------------------------------------------------
Finished Technology Mapping : Time (s): cpu = 00:05:25 ; elapsed = 00:05:26 . Memory (MB): peak = 1549.367 ; gain = 548.562
---------------------------------------------------------------------------------
---------------------------------------------------------------------------------
Start IO Insertion
---------------------------------------------------------------------------------
---------------------------------------------------------------------------------
Start Flattening Before IO Insertion
---------------------------------------------------------------------------------
---------------------------------------------------------------------------------
Finished Flattening Before IO Insertion
---------------------------------------------------------------------------------
---------------------------------------------------------------------------------
Start Final Netlist Cleanup
---------------------------------------------------------------------------------
---------------------------------------------------------------------------------
Finished Final Netlist Cleanup
---------------------------------------------------------------------------------
---------------------------------------------------------------------------------
Finished IO Insertion : Time (s): cpu = 00:05:28 ; elapsed = 00:05:29 . Memory (MB): peak = 1549.367 ; gain = 548.562
---------------------------------------------------------------------------------
---------------------------------------------------------------------------------
Start Renaming Generated Instances
---------------------------------------------------------------------------------
---------------------------------------------------------------------------------
Finished Renaming Generated Instances : Time (s): cpu = 00:05:28 ; elapsed = 00:05:29 . Memory (MB): peak = 1549.367 ; gain = 548.562
---------------------------------------------------------------------------------
---------------------------------------------------------------------------------
Start Rebuilding User Hierarchy
---------------------------------------------------------------------------------
---------------------------------------------------------------------------------
Finished Rebuilding User Hierarchy : Time (s): cpu = 00:05:28 ; elapsed = 00:05:29 . Memory (MB): peak = 1549.367 ; gain = 548.562
---------------------------------------------------------------------------------
---------------------------------------------------------------------------------
Start Renaming Generated Ports
---------------------------------------------------------------------------------
---------------------------------------------------------------------------------
Finished Renaming Generated Ports : Time (s): cpu = 00:05:28 ; elapsed = 00:05:29 . Memory (MB): peak = 1549.367 ; gain = 548.562
---------------------------------------------------------------------------------
---------------------------------------------------------------------------------
Start Handling Custom Attributes
---------------------------------------------------------------------------------
---------------------------------------------------------------------------------
Finished Handling Custom Attributes : Time (s): cpu = 00:05:28 ; elapsed = 00:05:29 . Memory (MB): peak = 1549.367 ; gain = 548.562
---------------------------------------------------------------------------------
---------------------------------------------------------------------------------
Start Renaming Generated Nets
---------------------------------------------------------------------------------
---------------------------------------------------------------------------------
Finished Renaming Generated Nets : Time (s): cpu = 00:05:28 ; elapsed = 00:05:29 . Memory (MB): peak = 1549.367 ; gain = 548.562
---------------------------------------------------------------------------------
---------------------------------------------------------------------------------
Start Writing Synthesis Report
---------------------------------------------------------------------------------

Report BlackBoxes: 
+-+--------------+----------+
| |BlackBox name |Instances |
+-+--------------+----------+
+-+--------------+----------+

Report Cell Usage: 
+------+-------+------+
|      |Cell   |Count |
+------+-------+------+
|1     |BUFG   |     1|
|2     |CARRY4 |    14|
|3     |LUT1   |     5|
|4     |LUT2   |    86|
|5     |LUT3   |    36|
|6     |LUT4   |    70|
|7     |LUT5   |   100|
|8     |LUT6   |   224|
|9     |FDRE   |   310|
|10    |FDSE   |     5|
|11    |IBUF   |     4|
|12    |OBUF   |    45|
+------+-------+------+
---------------------------------------------------------------------------------
Finished Writing Synthesis Report : Time (s): cpu = 00:05:28 ; elapsed = 00:05:29 . Memory (MB): peak = 1549.367 ; gain = 548.562
---------------------------------------------------------------------------------
Synthesis finished with 0 errors, 0 critical warnings and 0 warnings.
Synthesis Optimization Runtime : Time (s): cpu = 00:05:20 ; elapsed = 00:05:27 . Memory (MB): peak = 1549.367 ; gain = 548.562
Synthesis Optimization Complete : Time (s): cpu = 00:05:28 ; elapsed = 00:05:29 . Memory (MB): peak = 1549.367 ; gain = 548.562
INFO: [Project 1-571] Translating synthesized netlist
Netlist sorting complete. Time (s): cpu = 00:00:00 ; elapsed = 00:00:00.016 . Memory (MB): peak = 1549.367 ; gain = 0.000
INFO: [Netlist 29-17] Analyzing 14 Unisim elements for replacement
INFO: [Netlist 29-28] Unisim Transformation completed in 0 CPU seconds
INFO: [Project 1-570] Preparing netlist for logic optimization
INFO: [Opt 31-138] Pushed 0 inverter(s) to 0 load pin(s).
Netlist sorting complete. Time (s): cpu = 00:00:00 ; elapsed = 00:00:00 . Memory (MB): peak = 1549.367 ; gain = 0.000
INFO: [Project 1-111] Unisim Transformation Summary:
No Unisim elements were transformed.

INFO: [Common 17-83] Releasing license: Synthesis
61 Infos, 0 Warnings, 0 Critical Warnings and 0 Errors encountered.
synth_design completed successfully
synth_design: Time (s): cpu = 00:05:35 ; elapsed = 00:05:38 . Memory (MB): peak = 1549.367 ; gain = 548.562
INFO: [Common 17-1381] The checkpoint 'C:/Users/KM/Documents/Alchitry/stacker/StackerGame/alusubmission-main/manual/work/vivado/manual/manual.runs/synth_1/au_top_0.dcp' has been generated.
INFO: [runtcl-4] Executing : report_utilization -file au_top_0_utilization_synth.rpt -pb au_top_0_utilization_synth.pb
INFO: [Common 17-206] Exiting Vivado at Fri Apr  8 17:16:03 2022...
